This is pdfTeX, Version 3.1415926-2.5-1.40.14 (MiKTeX 2.9) (preloaded format=pdflatex 2014.2.20)  29 DEC 2014 18:44
entering extended mode
**//elwood.nist.gov/684/users/dng5/My*Documents/papers*etc/S-wave*scattering*&i
maging*paper/draft1.tex

("//elwood.nist.gov/684/users/dng5/My Documents/papers etc/S-wave scattering &i
maging paper/draft1.tex"
LaTeX2e <2011/06/27>
Babel <v3.8m> and hyphenation patterns for english, afrikaans, ancientgreek, ar
abic, armenian, assamese, basque, bengali, bokmal, bulgarian, catalan, coptic, 
croatian, czech, danish, dutch, esperanto, estonian, farsi, finnish, french, ga
lician, german, german-x-2013-05-26, greek, gujarati, hindi, hungarian, iceland
ic, indonesian, interlingua, irish, italian, kannada, kurmanji, latin, latvian,
 lithuanian, malayalam, marathi, mongolian, mongolianlmc, monogreek, ngerman, n
german-x-2013-05-26, nynorsk, oriya, panjabi, pinyin, polish, portuguese, roman
ian, russian, sanskrit, serbian, slovak, slovenian, spanish, swedish, swissgerm
an, tamil, telugu, turkish, turkmen, ukenglish, ukrainian, uppersorbian, usengl
ishmax, welsh, loaded.

("\\elwood.nist.gov\684\users\dng5\My Documents\papers etc\S-wave scattering &i
maging paper\iopart.cls"
Document Class: iopart 1996/06/10 v0.0 IOP Journals LaTeX article class

("\\elwood.nist.gov\684\users\dng5\My Documents\papers etc\S-wave scattering &i
maging paper\iopart12.clo"
File: iopart12.clo 1997/01/15 v1.0 LaTeX2e file (size option)
)
\c@jnl=\count79
\c@section=\count80
\c@subsection=\count81
\c@subsubsection=\count82
\c@paragraph=\count83
\c@subparagraph=\count84
\c@figure=\count85
\c@table=\count86
\abovecaptionskip=\skip41
\belowcaptionskip=\skip42
\indentedwidth=\skip43
\mathindent=\dimen102
\c@eqnval=\count87
)
("\\elwood.nist.gov\684\users\dng5\My Documents\papers etc\S-wave scattering &i
maging paper\iopams.sty"
Package: iopams 1997/02/13 v1.0

("C:\Program Files (x86)\MiKTeX 2.9\tex\latex\amsmath\amsgen.sty"
File: amsgen.sty 1999/11/30 v2.0
\@emptytoks=\toks14
\ex@=\dimen103
)
("C:\Program Files (x86)\MiKTeX 2.9\tex\latex\amsfonts\amsfonts.sty"
Package: amsfonts 2013/01/14 v3.01 Basic AMSFonts support
\symAMSa=\mathgroup4
\symAMSb=\mathgroup5
LaTeX Font Info:    Overwriting math alphabet `\mathfrak' in version `bold'
(Font)                  U/euf/m/n --> U/euf/b/n on input line 106.
)
("C:\Program Files (x86)\MiKTeX 2.9\tex\latex\amsfonts\amssymb.sty"
Package: amssymb 2013/01/14 v3.01 AMS font symbols
)
("C:\Program Files (x86)\MiKTeX 2.9\tex\latex\amsmath\amsbsy.sty"
Package: amsbsy 1999/11/29 v1.2d
\pmbraise@=\dimen104
))
("C:\Program Files (x86)\MiKTeX 2.9\tex\latex\braket\braket.sty")
("C:\Program Files (x86)\MiKTeX 2.9\tex\latex\graphics\graphicx.sty"
Package: graphicx 1999/02/16 v1.0f Enhanced LaTeX Graphics (DPC,SPQR)

("C:\Program Files (x86)\MiKTeX 2.9\tex\latex\graphics\keyval.sty"
Package: keyval 1999/03/16 v1.13 key=value parser (DPC)
\KV@toks@=\toks15
)
("C:\Program Files (x86)\MiKTeX 2.9\tex\latex\graphics\graphics.sty"
Package: graphics 2009/02/05 v1.0o Standard LaTeX Graphics (DPC,SPQR)

("C:\Program Files (x86)\MiKTeX 2.9\tex\latex\graphics\trig.sty"
Package: trig 1999/03/16 v1.09 sin cos tan (DPC)
)
("C:\Program Files (x86)\MiKTeX 2.9\tex\latex\00miktex\graphics.cfg"
File: graphics.cfg 2007/01/18 v1.5 graphics configuration of teTeX/TeXLive
)
Package graphics Info: Driver file: pdftex.def on input line 91.

("C:\Program Files (x86)\MiKTeX 2.9\tex\latex\pdftex-def\pdftex.def"
File: pdftex.def 2011/05/27 v0.06d Graphics/color for pdfTeX

("C:\Program Files (x86)\MiKTeX 2.9\tex\generic\oberdiek\infwarerr.sty"
Package: infwarerr 2010/04/08 v1.3 Providing info/warning/error messages (HO)
)
("C:\Program Files (x86)\MiKTeX 2.9\tex\generic\oberdiek\ltxcmds.sty"
Package: ltxcmds 2011/11/09 v1.22 LaTeX kernel commands for general use (HO)
)
\Gread@gobject=\count88
))
\Gin@req@height=\dimen105
\Gin@req@width=\dimen106
)
("C:\Program Files (x86)\MiKTeX 2.9\tex\latex\subfigure\subfigure.sty"
Package: subfigure 2002/07/30 v2.1.4 subfigure package
\subfigtopskip=\skip44
\subfigcapskip=\skip45
\subfigcaptopadj=\dimen107
\subfigbottomskip=\skip46
\subfigcapmargin=\dimen108
\subfiglabelskip=\skip47
\c@subfigure=\count89
\c@lofdepth=\count90
\c@subtable=\count91
\c@lotdepth=\count92

****************************************
* Local config file subfigure.cfg used *
****************************************
("C:\Program Files (x86)\MiKTeX 2.9\tex\latex\subfigure\subfigure.cfg")
\subfig@top=\skip48
\subfig@bottom=\skip49
)
("C:\Program Files (x86)\MiKTeX 2.9\tex\latex\cite\cite.sty"
LaTeX Info: Redefining \cite on input line 302.
LaTeX Info: Redefining \nocite on input line 373.
Package: cite 2010/09/10  v 5.3
)
("\\elwood.nist.gov\684\users\dng5\My Documents\papers etc\S-wave scattering &i
maging paper\draft1.aux"

LaTeX Warning: Label `fig:atomTravel' multiply defined.

)
LaTeX Font Info:    Checking defaults for OML/cmm/m/it on input line 9.
LaTeX Font Info:    ... okay on input line 9.
LaTeX Font Info:    Checking defaults for T1/cmr/m/n on input line 9.
LaTeX Font Info:    ... okay on input line 9.
LaTeX Font Info:    Checking defaults for OT1/cmr/m/n on input line 9.
LaTeX Font Info:    ... okay on input line 9.
LaTeX Font Info:    Checking defaults for OMS/cmsy/m/n on input line 9.
LaTeX Font Info:    ... okay on input line 9.
LaTeX Font Info:    Checking defaults for OMX/cmex/m/n on input line 9.
LaTeX Font Info:    ... okay on input line 9.
LaTeX Font Info:    Checking defaults for U/cmr/m/n on input line 9.
LaTeX Font Info:    ... okay on input line 9.
 ("C:\Program Files (x86)\MiKTeX 2.9\tex\context\base\supp-pdf.mkii"
[Loading MPS to PDF converter (version 2006.09.02).]
\scratchcounter=\count93
\scratchdimen=\dimen109
\scratchbox=\box26
\nofMPsegments=\count94
\nofMParguments=\count95
\everyMPshowfont=\toks16
\MPscratchCnt=\count96
\MPscratchDim=\dimen110
\MPnumerator=\count97
\makeMPintoPDFobject=\count98
\everyMPtoPDFconversion=\toks17
)
LaTeX Font Info:    Try loading font information for U+msa on input line 14.
 ("C:\Program Files (x86)\MiKTeX 2.9\tex\latex\amsfonts\umsa.fd"
File: umsa.fd 2013/01/14 v3.01 AMS symbols A
)
LaTeX Font Info:    Try loading font information for U+msb on input line 14.

("C:\Program Files (x86)\MiKTeX 2.9\tex\latex\amsfonts\umsb.fd"
File: umsb.fd 2013/01/14 v3.01 AMS symbols B
) [1

{C:/ProgramData/MiKTeX/2.9/pdftex/config/pdftex.map}] [2]
<figure1.png, id=23, 578.16pt x 431.4519pt>
File: figure1.png Graphic file (type png)
 <use figure1.png>
Package pdftex.def Info: figure1.png used on input line 62.
(pdftex.def)             Requested size: 329.55463pt x 245.93015pt.

<figure2.png, id=26, 578.16pt x 431.4519pt>
File: figure2.png Graphic file (type png)
 <use figure2.png>
Package pdftex.def Info: figure2.png used on input line 68.
(pdftex.def)             Requested size: 329.55463pt x 245.93015pt.
 [3] [4 <//elwood.nist.gov/684/users/dng5/My Documents/papers etc/S-wave scatte
ring &imaging paper/figure1.png> <//elwood.nist.gov/684/users/dng5/My Documents
/papers etc/S-wave scattering &imaging paper/figure2.png>]
<figure3.png, id=39, 578.16pt x 431.4519pt>
File: figure3.png Graphic file (type png)
 <use figure3.png>
Package pdftex.def Info: figure3.png used on input line 97.
(pdftex.def)             Requested size: 329.55463pt x 245.93015pt.

<figure4.png, id=40, 578.16pt x 431.4519pt>
File: figure4.png Graphic file (type png)
 <use figure4.png>
Package pdftex.def Info: figure4.png used on input line 103.
(pdftex.def)             Requested size: 329.55463pt x 245.93015pt.
 [5] [6 <//elwood.nist.gov/684/users/dng5/My Documents/papers etc/S-wave scatte
ring &imaging paper/figure3.png>] <figure5.png, id=48, 578.16pt x 431.4519pt>
File: figure5.png Graphic file (type png)
 <use figure5.png>
Package pdftex.def Info: figure5.png used on input line 122.
(pdftex.def)             Requested size: 329.55463pt x 245.93015pt.

<figure6a.png, id=49, 578.16pt x 431.4519pt>
File: figure6a.png Graphic file (type png)
 <use figure6a.png>
Package pdftex.def Info: figure6a.png used on input line 128.
(pdftex.def)             Requested size: 242.82555pt x 181.20856pt.

<figure6b.png, id=50, 578.16pt x 431.4519pt>
File: figure6b.png Graphic file (type png)
 <use figure6b.png>
Package pdftex.def Info: figure6b.png used on input line 129.
(pdftex.def)             Requested size: 242.82555pt x 181.20856pt.

Overfull \hbox (41.86221pt too wide) in paragraph at lines 128--130
[][] [] 
 []

<figure7.png, id=51, 578.16pt x 431.4519pt>
File: figure7.png Graphic file (type png)
 <use figure7.png>
Package pdftex.def Info: figure7.png used on input line 135.
(pdftex.def)             Requested size: 329.55463pt x 245.93015pt.
 [7 <//elwood.nist.gov/684/users/dng5/My Documents/papers etc/S-wave scattering
 &imaging paper/figure4.png>] [8 <//elwood.nist.gov/684/users/dng5/My Documents
/papers etc/S-wave scattering &imaging paper/figure5.png> <//elwood.nist.gov/68
4/users/dng5/My Documents/papers etc/S-wave scattering &imaging paper/figure6a.
png> <//elwood.nist.gov/684/users/dng5/My Documents/papers etc/S-wave scatterin
g &imaging paper/figure6b.png>] <figure8.png, id=63, 578.16pt x 431.4519pt>
File: figure8.png Graphic file (type png)
 <use figure8.png>
Package pdftex.def Info: figure8.png used on input line 144.
(pdftex.def)             Requested size: 329.55463pt x 245.93015pt.

[9 <//elwood.nist.gov/684/users/dng5/My Documents/papers etc/S-wave scattering 
&imaging paper/figure7.png>] <figure9a.png, id=68, 578.16pt x 431.4519pt>
File: figure9a.png Graphic file (type png)

<use figure9a.png>
Package pdftex.def Info: figure9a.png used on input line 150.
(pdftex.def)             Requested size: 260.16959pt x 194.15157pt.
 <figure9b.png, id=69, 578.16pt x 431.4519pt>
File: figure9b.png Graphic file (type png)

<use figure9b.png>
Package pdftex.def Info: figure9b.png used on input line 151.
(pdftex.def)             Requested size: 260.16959pt x 194.15157pt.

Overfull \hbox (76.5503pt too wide) in paragraph at lines 150--152
[][] [] 
 []

[10 <//elwood.nist.gov/684/users/dng5/My Documents/papers etc/S-wave scattering
 &imaging paper/figure8.png>] [11 <//elwood.nist.gov/684/users/dng5/My Document
s/papers etc/S-wave scattering &imaging paper/figure9a.png> <//elwood.nist.gov/
684/users/dng5/My Documents/papers etc/S-wave scattering &imaging paper/figure9
b.png>] <figure10a.png, id=79, 175.3752pt x 234.6366pt>
File: figure10a.png Graphic file (type png)
 <use figure10a.png>
Package pdftex.def Info: figure10a.png used on input line 168.
(pdftex.def)             Requested size: 140.30034pt x 187.70952pt.

<figure10b.png, id=80, 173.448pt x 234.6366pt>
File: figure10b.png Graphic file (type png)
 <use figure10b.png>
Package pdftex.def Info: figure10b.png used on input line 169.
(pdftex.def)             Requested size: 138.75858pt x 187.70952pt.
 [12]
[13 <//elwood.nist.gov/684/users/dng5/My Documents/papers etc/S-wave scattering
 &imaging paper/figure10a.png> <//elwood.nist.gov/684/users/dng5/My Documents/p
apers etc/S-wave scattering &imaging paper/figure10b.png>]
<figure12.png, id=90, 578.16pt x 431.4519pt>
File: figure12.png Graphic file (type png)
 <use figure12.png>
Package pdftex.def Info: figure12.png used on input line 194.
(pdftex.def)             Requested size: 329.55463pt x 245.93015pt.

("\\elwood.nist.gov\684\users\dng5\My Documents\papers etc\S-wave scattering &i
maging paper\draft1.bbl"
Missing character: There is no Ã in font cmr10!
Missing character: There is no © in font cmr10!
Missing character: There is no Ã in font cmr10!
Missing character: There is no ­ in font cmr10!
) [14]
Underfull \vbox (badness 10000) has occurred while \output is active []

 [15 <//elwood.nist.gov/684/users/dng5/My Documents/papers etc/S-wave scatterin
g &imaging paper/figure12.png>]
("\\elwood.nist.gov\684\users\dng5\My Documents\papers etc\S-wave scattering &i
maging paper\draft1.aux")

LaTeX Warning: There were multiply-defined labels.

 ) 
Here is how much of TeX's memory you used:
 2134 strings out of 493921
 26602 string characters out of 3144879
 81662 words of memory out of 3000000
 5405 multiletter control sequences out of 15000+200000
 12066 words of font info for 47 fonts, out of 3000000 for 9000
 841 hyphenation exceptions out of 8191
 27i,8n,26p,1141b,306s stack positions out of 5000i,500n,10000p,200000b,50000s
<C:/Program Files (x86)/MiKTeX 2.9/fonts/type1/public/amsfonts/cm/cmbx10.pfb>
<C:/Program Files (x86)/MiKTeX 2.9/fonts/type1/public/amsfonts/cm/cmbx12.pfb><C
:/Program Files (x86)/MiKTeX 2.9/fonts/type1/public/amsfonts/cm/cmex10.pfb><C:/
Program Files (x86)/MiKTeX 2.9/fonts/type1/public/amsfonts/cmextra/cmex8.pfb><C
:/Program Files (x86)/MiKTeX 2.9/fonts/type1/public/amsfonts/cm/cmmi10.pfb><C:/
Program Files (x86)/MiKTeX 2.9/fonts/type1/public/amsfonts/cm/cmmi12.pfb><C:/Pr
ogram Files (x86)/MiKTeX 2.9/fonts/type1/public/amsfonts/cm/cmmi6.pfb><C:/Progr
am Files (x86)/MiKTeX 2.9/fonts/type1/public/amsfonts/cm/cmmi7.pfb><C:/Program 
Files (x86)/MiKTeX 2.9/fonts/type1/public/amsfonts/cm/cmmi8.pfb><C:/Program Fil
es (x86)/MiKTeX 2.9/fonts/type1/public/amsfonts/cm/cmr10.pfb><C:/Program Files 
(x86)/MiKTeX 2.9/fonts/type1/public/amsfonts/cm/cmr12.pfb><C:/Program Files (x8
6)/MiKTeX 2.9/fonts/type1/public/amsfonts/cm/cmr6.pfb><C:/Program Files (x86)/M
iKTeX 2.9/fonts/type1/public/amsfonts/cm/cmr7.pfb><C:/Program Files (x86)/MiKTe
X 2.9/fonts/type1/public/amsfonts/cm/cmr8.pfb><C:/Program Files (x86)/MiKTeX 2.
9/fonts/type1/public/amsfonts/cm/cmsy10.pfb><C:/Program Files (x86)/MiKTeX 2.9/
fonts/type1/public/amsfonts/cm/cmti10.pfb><C:/Program Files (x86)/MiKTeX 2.9/fo
nts/type1/public/amsfonts/cm/cmti12.pfb><C:/Program Files (x86)/MiKTeX 2.9/font
s/type1/public/amsfonts/cm/cmtt10.pfb><C:/Program Files (x86)/MiKTeX 2.9/fonts/
type1/public/amsfonts/symbols/msbm10.pfb>
Output written on draft1.pdf (15 pages, 1716335 bytes).
PDF statistics:
 158 PDF objects out of 1000 (max. 8388607)
 0 named destinations out of 1000 (max. 500000)
 77 words of extra memory for PDF output out of 10000 (max. 10000000)

