This is pdfTeX, Version 3.1415926-2.5-1.40.14 (TeX Live 2013/Debian) (format=pdflatex 2014.10.18)  21 APR 2015 20:22
entering extended mode
 restricted \write18 enabled.
 %&-line parsing enabled.
**FDRLaTeXGuidelines.tex
(./FDRLaTeXGuidelines.tex
LaTeX2e <2011/06/27>
Babel <3.9h> and hyphenation patterns for 2 languages loaded.
(./iopart.cls
Document Class: iopart 1996/06/10 v0.0 IOP Journals LaTeX article class
(./iopart12.clo
File: iopart12.clo 1997/01/15 v1.0 LaTeX2e file (size option)
)
\c@jnl=\count79
\c@section=\count80
\c@subsection=\count81
\c@subsubsection=\count82
\c@paragraph=\count83
\c@subparagraph=\count84
\c@figure=\count85
\c@table=\count86
\abovecaptionskip=\skip41
\belowcaptionskip=\skip42
\indentedwidth=\skip43
\mathindent=\dimen102
\c@eqnval=\count87
)
No file FDRLaTeXGuidelines.aux.
\openout1 = `FDRLaTeXGuidelines.aux'.

LaTeX Font Info:    Checking defaults for OML/cmm/m/it on input line 48.
LaTeX Font Info:    ... okay on input line 48.
LaTeX Font Info:    Checking defaults for T1/cmr/m/n on input line 48.
LaTeX Font Info:    ... okay on input line 48.
LaTeX Font Info:    Checking defaults for OT1/cmr/m/n on input line 48.
LaTeX Font Info:    ... okay on input line 48.
LaTeX Font Info:    Checking defaults for OMS/cmsy/m/n on input line 48.
LaTeX Font Info:    ... okay on input line 48.
LaTeX Font Info:    Checking defaults for OMX/cmex/m/n on input line 48.
LaTeX Font Info:    ... okay on input line 48.
LaTeX Font Info:    Checking defaults for U/cmr/m/n on input line 48.
LaTeX Font Info:    ... okay on input line 48.
LaTeX Font Info:    External font `cmex10' loaded for size
(Font)              <17.28> on input line 50.
LaTeX Font Info:    External font `cmex10' loaded for size
(Font)              <12> on input line 50.
LaTeX Font Info:    External font `cmex10' loaded for size
(Font)              <8> on input line 54.
LaTeX Font Info:    External font `cmex10' loaded for size
(Font)              <6> on input line 54.
LaTeX Font Info:    External font `cmex10' loaded for size
(Font)              <7> on input line 54.
LaTeX Font Info:    External font `cmex10' loaded for size
(Font)              <5> on input line 54.
[1

{/var/lib/texmf/fonts/map/pdftex/updmap/pdftex.map}]

LaTeX Warning: Reference `agide' on page 2 undefined on input line 84.


LaTeX Warning: Reference `figinc' on page 2 undefined on input line 87.


LaTeX Warning: Reference `figinc' on page 2 undefined on input line 100.


LaTeX Warning: Reference `fname' on page 2 undefined on input line 101.

[2]
Underfull \hbox (badness 4429) in paragraph at lines 139--140
\OT1/cmr/m/n/12 The [] class file can be downloaded from the author guidelines 
at
 []

[3]

LaTeX Warning: Reference `arttype' on page 4 undefined on input line 181.


Underfull \hbox (badness 2644) in paragraph at lines 179--182
[]\OT1/cmr/m/n/12 For article types other than papers, []\OT1/cmtt/m/n/12 iopar
t.cls \OT1/cmr/m/n/12 has a generic heading
 []


Underfull \hbox (badness 10000) in alignment at lines 190--201
[] [] [] [][][][][][][][][][][][][]
 []

[4]

LaTeX Warning: Reference `startsample' on page 5 undefined on input line 227.

[5]

LaTeX Warning: Reference `xrefs' on page 6 undefined on input line 290.


LaTeX Warning: Reference `eqnum' on page 6 undefined on input line 291.

[6] [7] [8]

LaTeX Warning: Reference `math-tab2' on page 9 undefined on input line 466.


Underfull \hbox (badness 10000) in alignment at lines 472--485
[] [] [] [][][][][][][][][][][][][]
 []

[9]

LaTeX Warning: Reference `eq1' on page 10 undefined on input line 491.


LaTeX Warning: Reference `eq2' on page 10 undefined on input line 491.


LaTeX Warning: Reference `eq3' on page 10 undefined on input line 498.


LaTeX Warning: Reference `eq4' on page 10 undefined on input line 498.


LaTeX Warning: Reference `eq5' on page 10 undefined on input line 504.


LaTeX Warning: Reference `eq6' on page 10 undefined on input line 504.

[10] [11]

LaTeX Warning: Reference `cases' on page 12 undefined on input line 593.

[12]

LaTeX Warning: Reference `bibby' on page 13 undefined on input line 651.

[13]

LaTeX Warning: Reference `jlabs' on page 14 undefined on input line 715.

[14] [15]

LaTeX Warning: Reference `abrefs' on page 16 undefined on input line 838.

[16]

LaTeX Warning: Reference `tabone' on page 17 undefined on input line 920.

[17]

LaTeX Warning: Reference `tabl3' on page 18 undefined on input line 969.

[18]

LaTeX Warning: Reference `blobs' on page 19 undefined on input line 1055.

[19] [20] [21

]
Underfull \vbox (badness 10000) has occurred while \output is active []

 [22]
Overfull \hbox (5.9pt too wide) in paragraph at lines 1183--1229
[][] 
 []

[23

] [24] (./FDRLaTeXGuidelines.aux)

LaTeX Warning: There were undefined references.


LaTeX Warning: Label(s) may have changed. Rerun to get cross-references right.

 ) 
Here is how much of TeX's memory you used:
 517 strings out of 495028
 4220 string characters out of 6181496
 63895 words of memory out of 5000000
 3789 multiletter control sequences out of 15000+600000
 14558 words of font info for 50 fonts, out of 8000000 for 9000
 14 hyphenation exceptions out of 8191
 25i,13n,20p,862b,417s stack positions out of 5000i,500n,10000p,200000b,80000s
</usr/share/texlive/texmf-dist/fonts/type1/public/amsfonts/cm/cmbx10.pfb></us
r/share/texlive/texmf-dist/fonts/type1/public/amsfonts/cm/cmbx12.pfb></usr/shar
e/texlive/texmf-dist/fonts/type1/public/amsfonts/cm/cmbx8.pfb></usr/share/texli
ve/texmf-dist/fonts/type1/public/amsfonts/cm/cmex10.pfb></usr/share/texlive/tex
mf-dist/fonts/type1/public/amsfonts/cm/cmmi10.pfb></usr/share/texlive/texmf-dis
t/fonts/type1/public/amsfonts/cm/cmmi12.pfb></usr/share/texlive/texmf-dist/font
s/type1/public/amsfonts/cm/cmmi8.pfb></usr/share/texlive/texmf-dist/fonts/type1
/public/amsfonts/cm/cmmib10.pfb></usr/share/texlive/texmf-dist/fonts/type1/publ
ic/amsfonts/cm/cmr10.pfb></usr/share/texlive/texmf-dist/fonts/type1/public/amsf
onts/cm/cmr12.pfb></usr/share/texlive/texmf-dist/fonts/type1/public/amsfonts/cm
/cmr6.pfb></usr/share/texlive/texmf-dist/fonts/type1/public/amsfonts/cm/cmr7.pf
b></usr/share/texlive/texmf-dist/fonts/type1/public/amsfonts/cm/cmr8.pfb></usr/
share/texlive/texmf-dist/fonts/type1/public/amsfonts/cm/cmsy10.pfb></usr/share/
texlive/texmf-dist/fonts/type1/public/amsfonts/cm/cmsy7.pfb></usr/share/texlive
/texmf-dist/fonts/type1/public/amsfonts/cm/cmsy8.pfb></usr/share/texlive/texmf-
dist/fonts/type1/public/amsfonts/cm/cmti10.pfb></usr/share/texlive/texmf-dist/f
onts/type1/public/amsfonts/cm/cmti12.pfb></usr/share/texlive/texmf-dist/fonts/t
ype1/public/amsfonts/cm/cmti7.pfb></usr/share/texlive/texmf-dist/fonts/type1/pu
blic/amsfonts/cm/cmtt10.pfb></usr/share/texlive/texmf-dist/fonts/type1/public/a
msfonts/cm/cmtt12.pfb>
Output written on FDRLaTeXGuidelines.pdf (24 pages, 326424 bytes).
PDF statistics:
 166 PDF objects out of 1000 (max. 8388607)
 117 compressed objects within 2 object streams
 0 named destinations out of 1000 (max. 500000)
 1 words of extra memory for PDF output out of 10000 (max. 10000000)

